Using pre-set license
Built from '2020.3/staging' branch; Version is '2020.3.24f1 (79c78de19888) revision 7980941'; Using compiler version '192528614'; Build Type 'Release'
OS: 'Windows 10  (10.0.19042) 64bit Core' Language: 'en' Physical Memory: 16256 MB
BatchMode: 1, IsHumanControllingUs: 0, StartBugReporterOnCrash: 0, Is64bit: 1, IsPro: 0

COMMAND LINE ARGUMENTS:
C:\Program Files\Unity\Hub\Editor\2020.3.24f1\Editor\Unity.exe
-adb2
-batchMode
-noUpm
-name
AssetImportWorker0
-projectPath
C:/Users/athav/EgbertWritten/EgbertRewritten
-logFile
Logs/AssetImportWorker0.log
-srvPort
60493
Successfully changed project path to: C:/Users/athav/EgbertWritten/EgbertRewritten
C:/Users/athav/EgbertWritten/EgbertRewritten
Using Asset Import Pipeline V2.
Refreshing native plugins compatible for Editor in 34.47 ms, found 3 plugins.
Preloading 0 native plugins for Editor in 0.00 ms.
Initialize engine version: 2020.3.24f1 (79c78de19888)
[Subsystems] Discovering subsystems at path C:/Program Files/Unity/Hub/Editor/2020.3.24f1/Editor/Data/Resources/UnitySubsystems
[Subsystems] Discovering subsystems at path C:/Users/athav/EgbertWritten/EgbertRewritten/Assets
GfxDevice: creating device client; threaded=0
Direct3D:
    Version:  Direct3D 11.0 [level 11.1]
    Renderer: NVIDIA GeForce RTX 3070 (ID=0x2484)
    Vendor:   
    VRAM:     8043 MB
    Driver:   30.0.14.9676
Initialize mono
Mono path[0] = 'C:/Program Files/Unity/Hub/Editor/2020.3.24f1/Editor/Data/Managed'
Mono path[1] = 'C:/Program Files/Unity/Hub/Editor/2020.3.24f1/Editor/Data/MonoBleedingEdge/lib/mono/unityjit'
Mono config path = 'C:/Program Files/Unity/Hub/Editor/2020.3.24f1/Editor/Data/MonoBleedingEdge/etc'
Using monoOptions --debugger-agent=transport=dt_socket,embedding=1,server=y,suspend=n,address=127.0.0.1:56376
Begin MonoManager ReloadAssembly
Registering precompiled unity dll's ...
Register platform support module: C:/Program Files/Unity/Hub/Editor/2020.3.24f1/Editor/Data/PlaybackEngines/WebGLSupport/UnityEditor.WebGL.Extensions.dll
Register platform support module: C:/Program Files/Unity/Hub/Editor/2020.3.24f1/Editor/Data/PlaybackEngines/WindowsStandaloneSupport/UnityEditor.WindowsStandalone.Extensions.dll
Registered in 0.002083 seconds.
Native extension for WindowsStandalone target not found
Native extension for WebGL target not found
Refreshing native plugins compatible for Editor in 34.41 ms, found 3 plugins.
Preloading 0 native plugins for Editor in 0.00 ms.
Mono: successfully reloaded assembly
- Completed reload, in  0.422 seconds
Domain Reload Profiling:
	ReloadAssembly (422ms)
		BeginReloadAssembly (44ms)
			ExecutionOrderSort (0ms)
			DisableScriptedObjects (0ms)
			BackupInstance (0ms)
			ReleaseScriptingObjects (0ms)
			CreateAndSetChildDomain (1ms)
		EndReloadAssembly (325ms)
			LoadAssemblies (43ms)
			RebuildTransferFunctionScriptingTraits (0ms)
			SetupTypeCache (100ms)
			ReleaseScriptCaches (0ms)
			RebuildScriptCaches (21ms)
			SetupLoadedEditorAssemblies (127ms)
				LogAssemblyErrors (0ms)
				InitializePlatformSupportModulesInManaged (4ms)
				SetLoadedEditorAssemblies (0ms)
				RefreshPlugins (35ms)
				BeforeProcessingInitializeOnLoad (6ms)
				ProcessInitializeOnLoadAttributes (61ms)
				ProcessInitializeOnLoadMethodAttributes (20ms)
				AfterProcessingInitializeOnLoad (0ms)
				EditorAssembliesLoaded (0ms)
			ExecutionOrderSort2 (0ms)
			AwakeInstancesAfterBackupRestoration (0ms)
Platform modules already initialized, skipping
Registering precompiled user dll's ...
Registered in 0.004503 seconds.
Begin MonoManager ReloadAssembly
Native extension for WindowsStandalone target not found
Native extension for WebGL target not found
Refreshing native plugins compatible for Editor in 32.47 ms, found 3 plugins.
Preloading 0 native plugins for Editor in 0.00 ms.
Mono: successfully reloaded assembly
- Completed reload, in  0.783 seconds
Domain Reload Profiling:
	ReloadAssembly (783ms)
		BeginReloadAssembly (104ms)
			ExecutionOrderSort (0ms)
			DisableScriptedObjects (3ms)
			BackupInstance (0ms)
			ReleaseScriptingObjects (0ms)
			CreateAndSetChildDomain (13ms)
		EndReloadAssembly (631ms)
			LoadAssemblies (76ms)
			RebuildTransferFunctionScriptingTraits (0ms)
			SetupTypeCache (202ms)
			ReleaseScriptCaches (0ms)
			RebuildScriptCaches (32ms)
			SetupLoadedEditorAssemblies (243ms)
				LogAssemblyErrors (0ms)
				InitializePlatformSupportModulesInManaged (3ms)
				SetLoadedEditorAssemblies (0ms)
				RefreshPlugins (33ms)
				BeforeProcessingInitializeOnLoad (51ms)
				ProcessInitializeOnLoadAttributes (139ms)
				ProcessInitializeOnLoadMethodAttributes (12ms)
				AfterProcessingInitializeOnLoad (5ms)
				EditorAssembliesLoaded (0ms)
			ExecutionOrderSort2 (0ms)
			AwakeInstancesAfterBackupRestoration (4ms)
Platform modules already initialized, skipping
========================================================================
Worker process is ready to serve import requests
Launched and connected shader compiler UnityShaderCompiler.exe after 0.03 seconds
Refreshing native plugins compatible for Editor in 0.41 ms, found 3 plugins.
Preloading 0 native plugins for Editor in 0.00 ms.
Unloading 2194 Unused Serialized files (Serialized files now loaded: 0)
System memory in use before: 95.9 MB.
System memory in use after: 96.0 MB.

Unloading 28 unused Assets to reduce memory usage. Loaded Objects now: 2627.
Total: 3.120200 ms (FindLiveObjects: 0.279700 ms CreateObjectMapping: 0.093700 ms MarkObjects: 2.687400 ms  DeleteObjects: 0.058300 ms)

AssetImportParameters requested are different than current active one (requested -> active):
  custom:framework-win-MediaFoundation: 216162199b28c13a410421893ffa2e32 -> 
  custom:video-decoder-ogg-theora: a1e56fd34408186e4bbccfd4996cb3dc -> 
  custom:container-muxer-webm: aa71ff27fc2769a1b78a27578f13a17b -> 
  custom:container-demuxer-webm: 4f35f7cbe854078d1ac9338744f61a02 -> 
  custom:container-demuxer-ogg: 62fdf1f143b41e24485cea50d1cbac27 -> 
  custom:video-encoder-webm-vp8: eb34c28f22e8b96e1ab97ce403110664 -> 
  custom:video-codec-MediaFoundation-h265: 746d11721c4dcdbdad8f713fa42b33f4 -> 
  custom:video-decoder-webm-vp8: 9c59270c3fd7afecdb556c50c9e8de78 -> 
  custom:audio-decoder-ogg-vorbis: bf7c407c2cedff20999df2af8eb42d56 -> 
  custom:audio-encoder-webm-vorbis: bf7c407c2cedff20999df2af8eb42d56 -> 
========================================================================
Received Import Request.
  path: Assets
  artifactKey: Guid(00000000000000001000000000000000) Importer(815301076,1909f56bfc062723c751e8b465ee728b)
Start importing Assets using Guid(00000000000000001000000000000000) Importer(815301076,1909f56bfc062723c751e8b465ee728b)  -> (artifact id: '42d402b061de3733987d63b9cc3b64de') in 0.005052 seconds 
  Import took 0.008492 seconds .

========================================================================
Received Prepare
Registering precompiled user dll's ...
Registered in 0.003897 seconds.
Begin MonoManager ReloadAssembly
Native extension for WindowsStandalone target not found
Native extension for WebGL target not found
Refreshing native plugins compatible for Editor in 0.39 ms, found 3 plugins.
Preloading 0 native plugins for Editor in 0.00 ms.
Mono: successfully reloaded assembly
- Completed reload, in  0.760 seconds
Domain Reload Profiling:
	ReloadAssembly (760ms)
		BeginReloadAssembly (121ms)
			ExecutionOrderSort (0ms)
			DisableScriptedObjects (4ms)
			BackupInstance (0ms)
			ReleaseScriptingObjects (0ms)
			CreateAndSetChildDomain (34ms)
		EndReloadAssembly (590ms)
			LoadAssemblies (82ms)
			RebuildTransferFunctionScriptingTraits (0ms)
			SetupTypeCache (215ms)
			ReleaseScriptCaches (1ms)
			RebuildScriptCaches (28ms)
			SetupLoadedEditorAssemblies (207ms)
				LogAssemblyErrors (0ms)
				InitializePlatformSupportModulesInManaged (4ms)
				SetLoadedEditorAssemblies (0ms)
				RefreshPlugins (0ms)
				BeforeProcessingInitializeOnLoad (45ms)
				ProcessInitializeOnLoadAttributes (144ms)
				ProcessInitializeOnLoadMethodAttributes (7ms)
				AfterProcessingInitializeOnLoad (5ms)
				EditorAssembliesLoaded (0ms)
			ExecutionOrderSort2 (0ms)
			AwakeInstancesAfterBackupRestoration (6ms)
Platform modules already initialized, skipping
Refreshing native plugins compatible for Editor in 0.45 ms, found 3 plugins.
Preloading 0 native plugins for Editor in 0.00 ms.
Unloading 2183 Unused Serialized files (Serialized files now loaded: 0)
System memory in use before: 95.2 MB.
System memory in use after: 95.4 MB.

Unloading 17 unused Assets to reduce memory usage. Loaded Objects now: 2629.
Total: 3.381100 ms (FindLiveObjects: 0.159000 ms CreateObjectMapping: 0.057000 ms MarkObjects: 3.121500 ms  DeleteObjects: 0.042300 ms)

AssetImportParameters requested are different than current active one (requested -> active):
  custom:framework-win-MediaFoundation: 216162199b28c13a410421893ffa2e32 -> 
  custom:video-decoder-ogg-theora: a1e56fd34408186e4bbccfd4996cb3dc -> 
  custom:container-muxer-webm: aa71ff27fc2769a1b78a27578f13a17b -> 
  custom:container-demuxer-webm: 4f35f7cbe854078d1ac9338744f61a02 -> 
  custom:container-demuxer-ogg: 62fdf1f143b41e24485cea50d1cbac27 -> 
  custom:video-encoder-webm-vp8: eb34c28f22e8b96e1ab97ce403110664 -> 
  custom:video-codec-MediaFoundation-h265: 746d11721c4dcdbdad8f713fa42b33f4 -> 
  custom:video-decoder-webm-vp8: 9c59270c3fd7afecdb556c50c9e8de78 -> 
  custom:audio-decoder-ogg-vorbis: bf7c407c2cedff20999df2af8eb42d56 -> 
  custom:audio-encoder-webm-vorbis: bf7c407c2cedff20999df2af8eb42d56 -> 
========================================================================
Received Import Request.
  Time since last request: 117.246318 seconds.
  path: Assets/Graphics
  artifactKey: Guid(ca5a1bed43d272145a71669084a36ceb) Importer(815301076,1909f56bfc062723c751e8b465ee728b)
Start importing Assets/Graphics using Guid(ca5a1bed43d272145a71669084a36ceb) Importer(815301076,1909f56bfc062723c751e8b465ee728b)  -> (artifact id: '780f4a1367c32998f61ba3e508011881') in 0.004116 seconds 
  Import took 0.007858 seconds .

========================================================================
Received Import Request.
  Time since last request: 133.083375 seconds.
  path: Assets/Graphics/EgbertBackward.png
  artifactKey: Guid(945f3a8f6c077104b9c69f0eaddbaf31) Importer(815301076,1909f56bfc062723c751e8b465ee728b)
Start importing Assets/Graphics/EgbertBackward.png using Guid(945f3a8f6c077104b9c69f0eaddbaf31) Importer(815301076,1909f56bfc062723c751e8b465ee728b)  -> (artifact id: '814f62bd55359972c80ef05445f649a5') in 0.063489 seconds 
  Import took 0.066869 seconds .

========================================================================
Received Import Request.
  Time since last request: 0.000165 seconds.
  path: Assets/Graphics/EgbertLeft.png
  artifactKey: Guid(3fe76f87f2ac76841ac660f51178b553) Importer(815301076,1909f56bfc062723c751e8b465ee728b)
Start importing Assets/Graphics/EgbertLeft.png using Guid(3fe76f87f2ac76841ac660f51178b553) Importer(815301076,1909f56bfc062723c751e8b465ee728b)  -> (artifact id: '0a7dc6965fb8abf4fd3150291d929b33') in 0.006221 seconds 
  Import took 0.008721 seconds .

========================================================================
Received Import Request.
  Time since last request: 0.000143 seconds.
  path: Assets/Graphics/EgbertForward.png
  artifactKey: Guid(1ceedb5dc68ecc5438ff5f4244d6d888) Importer(815301076,1909f56bfc062723c751e8b465ee728b)
Start importing Assets/Graphics/EgbertForward.png using Guid(1ceedb5dc68ecc5438ff5f4244d6d888) Importer(815301076,1909f56bfc062723c751e8b465ee728b)  -> (artifact id: '71346b79bec8e269beb8c3410c71451c') in 0.005721 seconds 
  Import took 0.007834 seconds .

========================================================================
Received Import Request.
  Time since last request: 0.000121 seconds.
  path: Assets/Graphics/EgbertRight.png
  artifactKey: Guid(6d9d34c2dd345884288c4667217a3cee) Importer(815301076,1909f56bfc062723c751e8b465ee728b)
Start importing Assets/Graphics/EgbertRight.png using Guid(6d9d34c2dd345884288c4667217a3cee) Importer(815301076,1909f56bfc062723c751e8b465ee728b)  -> (artifact id: '0bd16efb601c5a14dca23ef35430aacb') in 0.005577 seconds 
  Import took 0.007721 seconds .

========================================================================
Received Import Request.
  Time since last request: 41.150329 seconds.
  path: Assets/Graphics/EgbertBackward.png
  artifactKey: Guid(945f3a8f6c077104b9c69f0eaddbaf31) Importer(815301076,1909f56bfc062723c751e8b465ee728b)
Start importing Assets/Graphics/EgbertBackward.png using Guid(945f3a8f6c077104b9c69f0eaddbaf31) Importer(815301076,1909f56bfc062723c751e8b465ee728b)  -> (artifact id: 'bcd082875dd21ce72a1cd678cb8f0569') in 0.038198 seconds 
  Import took 0.041783 seconds .

========================================================================
Received Import Request.
  Time since last request: 8.469783 seconds.
  path: Assets/Graphics/EgbertForward.png
  artifactKey: Guid(1ceedb5dc68ecc5438ff5f4244d6d888) Importer(815301076,1909f56bfc062723c751e8b465ee728b)
Start importing Assets/Graphics/EgbertForward.png using Guid(1ceedb5dc68ecc5438ff5f4244d6d888) Importer(815301076,1909f56bfc062723c751e8b465ee728b)  -> (artifact id: '124f00c64a9a95e6b8c5bb71d5a107c4') in 0.008129 seconds 
  Import took 0.011293 seconds .

========================================================================
Received Import Request.
  Time since last request: 4.691760 seconds.
  path: Assets/Graphics/EgbertLeft.png
  artifactKey: Guid(3fe76f87f2ac76841ac660f51178b553) Importer(815301076,1909f56bfc062723c751e8b465ee728b)
Start importing Assets/Graphics/EgbertLeft.png using Guid(3fe76f87f2ac76841ac660f51178b553) Importer(815301076,1909f56bfc062723c751e8b465ee728b)  -> (artifact id: 'cfb3070d2dbb14beb8cbbfe92d6c978c') in 0.036395 seconds 
  Import took 0.039651 seconds .

========================================================================
Received Import Request.
  Time since last request: 7.949367 seconds.
  path: Assets/Graphics/EgbertRight.png
  artifactKey: Guid(6d9d34c2dd345884288c4667217a3cee) Importer(815301076,1909f56bfc062723c751e8b465ee728b)
Start importing Assets/Graphics/EgbertRight.png using Guid(6d9d34c2dd345884288c4667217a3cee) Importer(815301076,1909f56bfc062723c751e8b465ee728b)  -> (artifact id: '2e27042d478e741ca98fd5fbdcf43902') in 0.016057 seconds 
  Import took 0.018724 seconds .

========================================================================
Received Import Request.
  Time since last request: 34.083760 seconds.
  path: Assets/Graphics/Idle.png
  artifactKey: Guid(8e1b1cc901ec72d4e8ca1ea3d84c6cbf) Importer(815301076,1909f56bfc062723c751e8b465ee728b)
Start importing Assets/Graphics/Idle.png using Guid(8e1b1cc901ec72d4e8ca1ea3d84c6cbf) Importer(815301076,1909f56bfc062723c751e8b465ee728b)  -> (artifact id: 'c5e620a80a465a47827d7948cb9f4f78') in 0.024289 seconds 
  Import took 0.029081 seconds .

========================================================================
Received Import Request.
  Time since last request: 5.659147 seconds.
  path: Assets/Graphics/Idle.png
  artifactKey: Guid(8e1b1cc901ec72d4e8ca1ea3d84c6cbf) Importer(815301076,1909f56bfc062723c751e8b465ee728b)
Start importing Assets/Graphics/Idle.png using Guid(8e1b1cc901ec72d4e8ca1ea3d84c6cbf) Importer(815301076,1909f56bfc062723c751e8b465ee728b)  -> (artifact id: '4496975feae59e15164ed31d5b626d37') in 0.010314 seconds 
  Import took 0.013463 seconds .

========================================================================
Received Import Request.
  Time since last request: 249.988075 seconds.
  path: Assets/Graphics/New SceneTemplate.scenetemplate
  artifactKey: Guid(35b5d45e9d9819a44a585e0b3fb4f057) Importer(815301076,1909f56bfc062723c751e8b465ee728b)
Start importing Assets/Graphics/New SceneTemplate.scenetemplate using Guid(35b5d45e9d9819a44a585e0b3fb4f057) Importer(815301076,1909f56bfc062723c751e8b465ee728b)  -> (artifact id: '97b15478793c56569a230b33b00ec16b') in 0.007538 seconds 
  Import took 0.011469 seconds .

========================================================================
Received Import Request.
  Time since last request: 361.387096 seconds.
  path: Assets/Graphics/Idle.png
  artifactKey: Guid(8e1b1cc901ec72d4e8ca1ea3d84c6cbf) Importer(815301076,1909f56bfc062723c751e8b465ee728b)
Start importing Assets/Graphics/Idle.png using Guid(8e1b1cc901ec72d4e8ca1ea3d84c6cbf) Importer(815301076,1909f56bfc062723c751e8b465ee728b)  -> (artifact id: 'ba9f79107da09be4673a7afd934c71c3') in 0.008316 seconds 
  Import took 0.012583 seconds .

========================================================================
Received Import Request.
  Time since last request: 36.488227 seconds.
  path: Assets/Graphics/Idle.png
  artifactKey: Guid(8e1b1cc901ec72d4e8ca1ea3d84c6cbf) Importer(815301076,1909f56bfc062723c751e8b465ee728b)
Start importing Assets/Graphics/Idle.png using Guid(8e1b1cc901ec72d4e8ca1ea3d84c6cbf) Importer(815301076,1909f56bfc062723c751e8b465ee728b)  -> (artifact id: '16b41920756a324912b40d8c3bd90029') in 0.030807 seconds 
  Import took 0.033660 seconds .

========================================================================
Received Import Request.
  Time since last request: 53.879088 seconds.
  path: Assets/Graphics/EgbertRight.png
  artifactKey: Guid(6d9d34c2dd345884288c4667217a3cee) Importer(815301076,1909f56bfc062723c751e8b465ee728b)
Start importing Assets/Graphics/EgbertRight.png using Guid(6d9d34c2dd345884288c4667217a3cee) Importer(815301076,1909f56bfc062723c751e8b465ee728b)  -> (artifact id: 'f3f0c1c22720950f7e9eb258b82b7f4c') in 0.006200 seconds 
  Import took 0.009487 seconds .

========================================================================
Received Import Request.
  Time since last request: 14.048182 seconds.
  path: Assets/Graphics/EgbertRight.png
  artifactKey: Guid(6d9d34c2dd345884288c4667217a3cee) Importer(815301076,1909f56bfc062723c751e8b465ee728b)
Start importing Assets/Graphics/EgbertRight.png using Guid(6d9d34c2dd345884288c4667217a3cee) Importer(815301076,1909f56bfc062723c751e8b465ee728b)  -> (artifact id: 'acfcb4f8df84194136fc05f8289e6459') in 0.035750 seconds 
  Import took 0.038820 seconds .

========================================================================
Received Import Request.
  Time since last request: 5.946041 seconds.
  path: Assets/Graphics/EgbertLeft.png
  artifactKey: Guid(3fe76f87f2ac76841ac660f51178b553) Importer(815301076,1909f56bfc062723c751e8b465ee728b)
Start importing Assets/Graphics/EgbertLeft.png using Guid(3fe76f87f2ac76841ac660f51178b553) Importer(815301076,1909f56bfc062723c751e8b465ee728b)  -> (artifact id: '477dc091d1e4878dabec9c1ffa229312') in 0.007216 seconds 
  Import took 0.010522 seconds .

========================================================================
Received Import Request.
  Time since last request: 9.985068 seconds.
  path: Assets/Graphics/EgbertLeft.png
  artifactKey: Guid(3fe76f87f2ac76841ac660f51178b553) Importer(815301076,1909f56bfc062723c751e8b465ee728b)
Start importing Assets/Graphics/EgbertLeft.png using Guid(3fe76f87f2ac76841ac660f51178b553) Importer(815301076,1909f56bfc062723c751e8b465ee728b)  -> (artifact id: 'a103e50cfb2bc7b2292e770f106f0f5b') in 0.033449 seconds 
  Import took 0.037047 seconds .

========================================================================
Received Import Request.
  Time since last request: 19.610006 seconds.
  path: Assets/Graphics/EgbertForward.png
  artifactKey: Guid(1ceedb5dc68ecc5438ff5f4244d6d888) Importer(815301076,1909f56bfc062723c751e8b465ee728b)
Start importing Assets/Graphics/EgbertForward.png using Guid(1ceedb5dc68ecc5438ff5f4244d6d888) Importer(815301076,1909f56bfc062723c751e8b465ee728b)  -> (artifact id: '28355ff1c700b9ff2d1ae7c2042e54a6') in 0.006861 seconds 
  Import took 0.011619 seconds .

========================================================================
Received Import Request.
  Time since last request: 6.088770 seconds.
  path: Assets/Graphics/EgbertForward.png
  artifactKey: Guid(1ceedb5dc68ecc5438ff5f4244d6d888) Importer(815301076,1909f56bfc062723c751e8b465ee728b)
Start importing Assets/Graphics/EgbertForward.png using Guid(1ceedb5dc68ecc5438ff5f4244d6d888) Importer(815301076,1909f56bfc062723c751e8b465ee728b)  -> (artifact id: 'c07baf8ca7af4261f283a6613d8517b8') in 0.034190 seconds 
  Import took 0.036766 seconds .

========================================================================
Received Import Request.
  Time since last request: 12.744402 seconds.
  path: Assets/Graphics/EgbertBackward.png
  artifactKey: Guid(945f3a8f6c077104b9c69f0eaddbaf31) Importer(815301076,1909f56bfc062723c751e8b465ee728b)
Start importing Assets/Graphics/EgbertBackward.png using Guid(945f3a8f6c077104b9c69f0eaddbaf31) Importer(815301076,1909f56bfc062723c751e8b465ee728b)  -> (artifact id: '4e710bce4d834e5e312cc248e05d0509') in 0.006540 seconds 
  Import took 0.011081 seconds .

========================================================================
Received Import Request.
  Time since last request: 5.020581 seconds.
  path: Assets/Graphics/EgbertBackward.png
  artifactKey: Guid(945f3a8f6c077104b9c69f0eaddbaf31) Importer(815301076,1909f56bfc062723c751e8b465ee728b)
Start importing Assets/Graphics/EgbertBackward.png using Guid(945f3a8f6c077104b9c69f0eaddbaf31) Importer(815301076,1909f56bfc062723c751e8b465ee728b)  -> (artifact id: 'c44a37ccf92bdb15351abfbce780c278') in 0.023902 seconds 
  Import took 0.026854 seconds .

========================================================================
Received Import Request.
  Time since last request: 223.773465 seconds.
  path: Assets/Graphics/New Folder
  artifactKey: Guid(f75033e1c4feb9242a5767f19f67391f) Importer(815301076,1909f56bfc062723c751e8b465ee728b)
Start importing Assets/Graphics/New Folder using Guid(f75033e1c4feb9242a5767f19f67391f) Importer(815301076,1909f56bfc062723c751e8b465ee728b)  -> (artifact id: '29fa645292f2c2b240ff6a5a95033fb5') in 0.002413 seconds 
  Import took 0.006483 seconds .

========================================================================
Received Import Request.
  Time since last request: 7.292917 seconds.
  path: Assets/Scripts
  artifactKey: Guid(32848f61937717c468c8688c66b360f9) Importer(815301076,1909f56bfc062723c751e8b465ee728b)
Start importing Assets/Scripts using Guid(32848f61937717c468c8688c66b360f9) Importer(815301076,1909f56bfc062723c751e8b465ee728b)  -> (artifact id: '41726f23b62729238544126b514326e1') in 0.002683 seconds 
  Import took 0.005435 seconds .

========================================================================
Received Import Request.
  Time since last request: 11.710262 seconds.
  path: Assets/Scripts/BasicMovement.cs
  artifactKey: Guid(ada5755bee285a44ab61892550a6c1cc) Importer(815301076,1909f56bfc062723c751e8b465ee728b)
Start importing Assets/Scripts/BasicMovement.cs using Guid(ada5755bee285a44ab61892550a6c1cc) Importer(815301076,1909f56bfc062723c751e8b465ee728b)  -> (artifact id: 'dd221494c6ffc128db59540db534da6d') in 0.011669 seconds 
  Import took 0.015278 seconds .

========================================================================
Received Prepare
Registering precompiled user dll's ...
Registered in 0.004180 seconds.
Begin MonoManager ReloadAssembly
Native extension for WindowsStandalone target not found
Native extension for WebGL target not found
Refreshing native plugins compatible for Editor in 0.46 ms, found 3 plugins.
Preloading 0 native plugins for Editor in 0.00 ms.
Mono: successfully reloaded assembly
- Completed reload, in  0.753 seconds
Domain Reload Profiling:
	ReloadAssembly (753ms)
		BeginReloadAssembly (95ms)
			ExecutionOrderSort (0ms)
			DisableScriptedObjects (4ms)
			BackupInstance (0ms)
			ReleaseScriptingObjects (0ms)
			CreateAndSetChildDomain (30ms)
		EndReloadAssembly (614ms)
			LoadAssemblies (78ms)
			RebuildTransferFunctionScriptingTraits (0ms)
			SetupTypeCache (210ms)
			ReleaseScriptCaches (1ms)
			RebuildScriptCaches (28ms)
			SetupLoadedEditorAssemblies (231ms)
				LogAssemblyErrors (0ms)
				InitializePlatformSupportModulesInManaged (5ms)
				SetLoadedEditorAssemblies (0ms)
				RefreshPlugins (1ms)
				BeforeProcessingInitializeOnLoad (53ms)
				ProcessInitializeOnLoadAttributes (157ms)
				ProcessInitializeOnLoadMethodAttributes (9ms)
				AfterProcessingInitializeOnLoad (6ms)
				EditorAssembliesLoaded (0ms)
			ExecutionOrderSort2 (0ms)
			AwakeInstancesAfterBackupRestoration (7ms)
Platform modules already initialized, skipping
Refreshing native plugins compatible for Editor in 0.43 ms, found 3 plugins.
Preloading 0 native plugins for Editor in 0.00 ms.
Unloading 2184 Unused Serialized files (Serialized files now loaded: 0)
System memory in use before: 98.3 MB.
System memory in use after: 98.4 MB.

Unloading 17 unused Assets to reduce memory usage. Loaded Objects now: 2642.
Total: 2.071900 ms (FindLiveObjects: 0.166500 ms CreateObjectMapping: 0.048200 ms MarkObjects: 1.783200 ms  DeleteObjects: 0.072600 ms)

AssetImportParameters requested are different than current active one (requested -> active):
  custom:framework-win-MediaFoundation: 216162199b28c13a410421893ffa2e32 -> 
  custom:video-decoder-ogg-theora: a1e56fd34408186e4bbccfd4996cb3dc -> 
  custom:container-muxer-webm: aa71ff27fc2769a1b78a27578f13a17b -> 
  custom:container-demuxer-webm: 4f35f7cbe854078d1ac9338744f61a02 -> 
  custom:container-demuxer-ogg: 62fdf1f143b41e24485cea50d1cbac27 -> 
  custom:video-encoder-webm-vp8: eb34c28f22e8b96e1ab97ce403110664 -> 
  custom:video-codec-MediaFoundation-h265: 746d11721c4dcdbdad8f713fa42b33f4 -> 
  custom:video-decoder-webm-vp8: 9c59270c3fd7afecdb556c50c9e8de78 -> 
  custom:audio-decoder-ogg-vorbis: bf7c407c2cedff20999df2af8eb42d56 -> 
  custom:audio-encoder-webm-vorbis: bf7c407c2cedff20999df2af8eb42d56 -> 
AssetImportWorkerClient::OnTransportError - code=2 error=End of file
